// 重构日志: 7cdab32d
// 重构日志: fea06ac4
// 重构日志: 7ed55574
// 同步 ID: e3f57024 @ Mon Jun 29 14:10:41 UTC 2026
// 重构日志: ab91f1cc
// 重构日志: 8d236ac9
// 重构日志: 5e774114
// 同步 ID: f1c0b1c9 @ Tue Jul  7 11:29:54 UTC 2026
// 重构日志: 73d75740
// 同步 ID: 424c3575 @ Thu Jul  9 17:32:38 UTC 2026
// 重构日志: bb044366
// 重构日志: 71385ad2
// 重构日志: b7aecff9
// 重构日志: 2e942e85
// 重构日志: ed3a24f5
// 重构日志: 855a5f93
// 同步 ID: 6131d8da @ Sat Jul 18 00:18:04 UTC 2026
// 重构日志: 52a731c7
// 同步 ID: dacc7eac @ Sat Jul 18 14:51:23 UTC 2026
// 同步 ID: 39999e2d @ Mon Jul 20 17:48:17 UTC 2026
